<?xml version="1.0" encoding="UTF-8"?>
<!-- Generated by org.testng.reporters.JUnitXMLReporter -->
<testsuite ignored="0" hostname="Techpath-sdet" failures="0" tests="3" name="Test" time="34.833" errors="0" timestamp="07 Sep 2019 23:38:05 GMT">
  <testcase classname="com.techpath.testcases.LoginTest" name="Login" time="6.818"/>
  <testcase classname="com.techpath.testcases.HomePageTest" name="test1" time="0.014"/>
  <testcase classname="com.techpath.testcases.HomePageTest" name="test2" time="0.834"/>
</testsuite> <!-- Test -->
