<?xml version="1.0" encoding="UTF-8"?>
<testng-results ignored="0" total="3" passed="3" failed="0" skipped="0">
  <reporter-output>
  </reporter-output>
  <suite started-at="2019-09-07T00:48:38Z" name="Suite" finished-at="2019-09-07T00:49:12Z" duration-ms="34379">
    <groups>
    </groups>
    <test started-at="2019-09-07T00:48:38Z" name="Test" finished-at="2019-09-07T00:49:12Z" duration-ms="34379">
      <class name="com.techpath.testcases.HomePageTest">
        <test-method is-config="true" signature="setup()[pri:0, instance:com.techpath.testcases.HomePageTest@5f71c76a]" started-at="2019-09-07T00:48:59Z" name="setup" finished-at="2019-09-07T00:49:08Z" duration-ms="9580" status="PASS">
          <reporter-output>
          </reporter-output>
        </test-method> <!-- setup -->
        <test-method signature="test1()[pri:0, instance:com.techpath.testcases.HomePageTest@5f71c76a]" started-at="2019-09-07T00:49:08Z" name="test1" finished-at="2019-09-07T00:49:10Z" duration-ms="1925" status="PASS">
          <reporter-output>
          </reporter-output>
        </test-method> <!-- test1 -->
        <test-method signature="test2()[pri:0, instance:com.techpath.testcases.HomePageTest@5f71c76a]" started-at="2019-09-07T00:49:10Z" name="test2" finished-at="2019-09-07T00:49:11Z" duration-ms="1140" status="PASS">
          <reporter-output>
          </reporter-output>
        </test-method> <!-- test2 -->
        <test-method is-config="true" signature="tearDown()[pri:0, instance:com.techpath.testcases.HomePageTest@5f71c76a]" started-at="2019-09-07T00:49:11Z" name="tearDown" finished-at="2019-09-07T00:49:12Z" duration-ms="709" status="PASS">
          <reporter-output>
          </reporter-output>
        </test-method> <!-- tearDown -->
      </class> <!-- com.techpath.testcases.HomePageTest -->
      <class name="com.techpath.testcases.LoginTest">
        <test-method is-config="true" signature="setup()[pri:0, instance:com.techpath.testcases.LoginTest@27fe3806]" started-at="2019-09-07T00:48:38Z" name="setup" finished-at="2019-09-07T00:48:52Z" duration-ms="14002" status="PASS">
          <reporter-output>
          </reporter-output>
        </test-method> <!-- setup -->
        <test-method signature="Login()[pri:0, instance:com.techpath.testcases.LoginTest@27fe3806]" started-at="2019-09-07T00:48:52Z" name="Login" finished-at="2019-09-07T00:48:58Z" duration-ms="6350" status="PASS">
          <reporter-output>
          </reporter-output>
        </test-method> <!-- Login -->
        <test-method is-config="true" signature="tearDown()[pri:0, instance:com.techpath.testcases.LoginTest@27fe3806]" started-at="2019-09-07T00:48:58Z" name="tearDown" finished-at="2019-09-07T00:48:59Z" duration-ms="647" status="PASS">
          <reporter-output>
          </reporter-output>
        </test-method> <!-- tearDown -->
      </class> <!-- com.techpath.testcases.LoginTest -->
    </test> <!-- Test -->
  </suite> <!-- Suite -->
</testng-results>
