<?xml version="1.0" encoding="UTF-8"?>
<testng-results ignored="0" total="3" passed="3" failed="0" skipped="0">
  <reporter-output>
  </reporter-output>
  <suite started-at="2019-09-07T23:37:30Z" name="Suite" finished-at="2019-09-07T23:38:05Z" duration-ms="34833">
    <groups>
    </groups>
    <test started-at="2019-09-07T23:37:30Z" name="Test" finished-at="2019-09-07T23:38:05Z" duration-ms="34833">
      <class name="com.techpath.testcases.HomePageTest">
        <test-method is-config="true" signature="setup()[pri:0, instance:com.techpath.testcases.HomePageTest@4b9e255]" started-at="2019-09-07T23:37:52Z" name="setup" finished-at="2019-09-07T23:38:04Z" duration-ms="11943" status="PASS">
          <reporter-output>
          </reporter-output>
        </test-method> <!-- setup -->
        <test-method signature="test1()[pri:0, instance:com.techpath.testcases.HomePageTest@4b9e255]" started-at="2019-09-07T23:38:04Z" name="test1" finished-at="2019-09-07T23:38:04Z" duration-ms="14" status="PASS">
          <reporter-output>
          </reporter-output>
        </test-method> <!-- test1 -->
        <test-method signature="test2()[pri:0, instance:com.techpath.testcases.HomePageTest@4b9e255]" started-at="2019-09-07T23:38:04Z" name="test2" finished-at="2019-09-07T23:38:04Z" duration-ms="834" status="PASS">
          <reporter-output>
          </reporter-output>
        </test-method> <!-- test2 -->
        <test-method is-config="true" signature="tearDown()[pri:0, instance:com.techpath.testcases.HomePageTest@4b9e255]" started-at="2019-09-07T23:38:04Z" name="tearDown" finished-at="2019-09-07T23:38:05Z" duration-ms="668" status="PASS">
          <reporter-output>
          </reporter-output>
        </test-method> <!-- tearDown -->
      </class> <!-- com.techpath.testcases.HomePageTest -->
      <class name="com.techpath.testcases.LoginTest">
        <test-method is-config="true" signature="setup(java.lang.String)[pri:0, instance:com.techpath.testcases.LoginTest@4f51b3e0]" started-at="2019-09-07T23:37:30Z" name="setup" finished-at="2019-09-07T23:37:44Z" duration-ms="13842" status="PASS">
          <params>
            <param index="0">
              <value>
                <![CDATA[chrome]]>
              </value>
            </param>
          </params>
          <reporter-output>
          </reporter-output>
        </test-method> <!-- setup -->
        <test-method signature="Login()[pri:0, instance:com.techpath.testcases.LoginTest@4f51b3e0]" started-at="2019-09-07T23:37:44Z" name="Login" finished-at="2019-09-07T23:37:51Z" duration-ms="6818" status="PASS">
          <reporter-output>
          </reporter-output>
        </test-method> <!-- Login -->
        <test-method is-config="true" signature="tearDown()[pri:0, instance:com.techpath.testcases.LoginTest@4f51b3e0]" started-at="2019-09-07T23:37:51Z" name="tearDown" finished-at="2019-09-07T23:37:52Z" duration-ms="687" status="PASS">
          <reporter-output>
          </reporter-output>
        </test-method> <!-- tearDown -->
      </class> <!-- com.techpath.testcases.LoginTest -->
    </test> <!-- Test -->
  </suite> <!-- Suite -->
</testng-results>
