<?xml version="1.0" encoding="UTF-8"?>
<testng-results ignored="0" total="1" passed="1" failed="0" skipped="0">
  <reporter-output>
  </reporter-output>
  <suite started-at="2019-09-08T01:12:01Z" name="Default suite" finished-at="2019-09-08T01:12:21Z" duration-ms="19826">
    <groups>
      <group name="cucumber">
        <method signature="AbstractTestNGCucumberTests.feature(cucumber.api.testng.CucumberFeatureWrapper)[pri:0, instance:com.techpath.runners.TestRunner@7f1302d6]" name="feature" class="cucumber.api.testng.AbstractTestNGCucumberTests"/>
      </group> <!-- cucumber -->
    </groups>
    <test started-at="2019-09-08T01:12:01Z" name="Default test" finished-at="2019-09-08T01:12:21Z" duration-ms="19826">
      <class name="com.techpath.runners.TestRunner">
        <test-method is-config="true" signature="setUpClass()[pri:0, instance:com.techpath.runners.TestRunner@7f1302d6]" started-at="2019-09-08T01:12:01Z" name="setUpClass" finished-at="2019-09-08T01:12:01Z" duration-ms="257" status="PASS">
          <reporter-output>
          </reporter-output>
        </test-method> <!-- setUpClass -->
        <test-method signature="feature(cucumber.api.testng.CucumberFeatureWrapper)[pri:0, instance:com.techpath.runners.TestRunner@7f1302d6]" started-at="2019-09-08T01:12:01Z" name="feature" description="Runs Cucumber Feature" data-provider="features" finished-at="2019-09-08T01:12:21Z" duration-ms="19415" status="PASS">
          <params>
            <param index="0">
              <value>
                <![CDATA[Login to the website]]>
              </value>
            </param>
          </params>
          <reporter-output>
          </reporter-output>
        </test-method> <!-- feature -->
        <test-method is-config="true" signature="tearDownClass()[pri:0, instance:com.techpath.runners.TestRunner@7f1302d6]" started-at="2019-09-08T01:12:21Z" name="tearDownClass" finished-at="2019-09-08T01:12:21Z" duration-ms="29" status="PASS">
          <reporter-output>
          </reporter-output>
        </test-method> <!-- tearDownClass -->
      </class> <!-- com.techpath.runners.TestRunner -->
    </test> <!-- Default test -->
  </suite> <!-- Default suite -->
</testng-results>
